1655297894626:ls
1655297898144:exit
1655298539669:help
1655299693025:ls
1655299698490:cd e:
1655300092970:e:
1655300100951:cd e:
1655300103137:ls
1655300481819:cd :f
1655300485846:cd f:
1655300489789:ls
1655300922355:pwd
1655300932584:cd f:
1655300935975:pwd
1655301101492:ldlssslkljak
1655301105487:ls
1655301150957:exit
1655303152049:ld
1655303153319:ls
1655303162037:mrdir hello
1655303168300:mkdir hello
1655303182720:cd hello
1655303192886:ls
1655303216269:cd hello
1655303769875:ls
1655303778917:cd hello
1655304889813:ls
1655304893640:cd hello
1655304896690:ls
1655304925165:exit
1655340839998:ls
1655340848075:pwd
1655340857659:cd sharedlog
1655340862867:ls
1655340885418:cd ..
1655340893370:pwd
1655340901196:cd ..
1655340903770:ls
1655340935190:pwd
1655341222050:cd D:\\
1655341231121:cd d:
1655341236945:pw
1655341239120:pwd
1655341253569:cd E:
1655341256098:ls
1655341263411:cd c:\\
1655341265457:ls
1655341269188:cd D:
1655341271955:ls
1655341329955:clear
1655341331666:ls
1655341445365:cd temps
1655341448276:cd temp
1655341450676:ls
1655341453748:cd ..
1655341454980:ls
1655342650297:cd temp
1655342652183:ls
1655342654111:cd ..
1655342655831:ls
1655342682707:cd d:\\temp\\..\\sharedlog
1655342697017:cd d:\\temp
1655342718250:cd ..\\sharedlog
1655358666882:ls
1655358675855:cd temp
1655358676912:ls
1655358703826:cd ../patch
1655358711216:ls
1655358715618:cd ..
1655358717218:ls
1655358723439:cd temp
1655358733410:cd ../sharedlog
1655358751635:cd ..
1655358752656:ls
